#
# There is insufficient memory for the Java Runtime Environment to continue.
# Native memory allocation (malloc) failed to allocate 97296 bytes for Chunk::new
# Possible reasons:
#   The system is out of physical RAM or swap space
#   The process is running with CompressedOops enabled, and the Java Heap may be blocking the growth of the native heap
# Possible solutions:
#   Reduce memory load on the system
#   Increase physical memory or swap space
#   Check if swap backing store is full
#   Decrease Java heap size (-Xmx/-Xms)
#   Decrease number of Java threads
#   Decrease Java thread stack sizes (-Xss)
#   Set larger code cache with -XX:ReservedCodeCacheSize=
#   JVM is running with Unscaled Compressed Oops mode in which the Java heap is
#     placed in the first 4GB address space. The Java Heap base address is the
#     maximum limit for the native heap growth. Please use -XX:HeapBaseMinAddress
#     to set the Java Heap base and to place the Java Heap above 4GB virtual address.
# This output file may be truncated or incomplete.
#
#  Out of Memory Error (arena.cpp:184), pid=6064, tid=5456
#
# JRE version: Java(TM) SE Runtime Environment (18.0.1.1+2) (build 18.0.1.1+2-6)
# Java VM: Java HotSpot(TM) 64-Bit Server VM (18.0.1.1+2-6, mixed mode, sharing, tiered, compressed oops, compressed class ptrs, g1 gc, windows-amd64)
# No core dump will be written. Minidumps are not enabled by default on client versions of Windows
#

---------------  S U M M A R Y ------------

Command Line: -XX:MaxMetaspaceSize=512m --add-opens=java.base/java.util=ALL-UNNAMED --add-opens=java.base/java.lang=ALL-UNNAMED --add-opens=java.base/java.lang.invoke=ALL-UNNAMED --add-opens=java.base/java.util=ALL-UNNAMED --add-opens=java.prefs/java.util.prefs=ALL-UNNAMED --add-opens=java.prefs/java.util.prefs=ALL-UNNAMED --add-opens=java.base/java.nio.charset=ALL-UNNAMED --add-opens=java.base/java.net=ALL-UNNAMED --add-opens=java.base/java.util.concurrent.atomic=ALL-UNNAMED -Xmx2048m -Dfile.encoding=UTF-8 -Duser.country=US -Duser.language=en -Duser.variant org.gradle.launcher.daemon.bootstrap.GradleDaemon 7.5.1

Host: AMD Ryzen 5 3500 6-Core Processor              , 6 cores, 7G,  Windows 10 , 64 bit Build 19041 (10.0.19041.2546)
Time: Mon Apr 10 22:11:35 2023 SE Asia Standard Time elapsed time: 106.784009 seconds (0d 0h 1m 46s)

---------------  T H R E A D  ---------------

Current thread (0x000002b4e190f0e0):  JavaThread "C2 CompilerThread0" daemon [_thread_in_native, id=5456, stack(0x000000d790f00000,0x000000d791000000)]


Current CompileTask:
C2: 106784 8404       4       org.gradle.internal.logging.text.AbstractLineChoppingStyledTextOutput$1::execute (9 bytes)

Stack: [0x000000d790f00000,0x000000d791000000]
Native frames: (J=compiled Java code, j=interpreted, Vv=VM code, C=native code)
V  [jvm.dll+0x69887a]
V  [jvm.dll+0x7f38bd]
V  [jvm.dll+0x7f51ce]
V  [jvm.dll+0x7f5883]
V  [jvm.dll+0x25ca3f]
V  [jvm.dll+0xb8c2f]
V  [jvm.dll+0xb8fa5]
V  [jvm.dll+0x385a31]
V  [jvm.dll+0x34f811]
V  [jvm.dll+0x34ecaa]
V  [jvm.dll+0x22fc21]
V  [jvm.dll+0x22eff1]
V  [jvm.dll+0x1b9cfc]
V  [jvm.dll+0x23e8ca]
V  [jvm.dll+0x23cbb5]
V  [jvm.dll+0x7a5fb1]
V  [jvm.dll+0x7a03ea]
V  [jvm.dll+0x697725]
C  [ucrtbase.dll+0x21bb2]
C  [KERNEL32.DLL+0x17614]
C  [ntdll.dll+0x526a1]


---------------  P R O C E S S  ---------------

Threads class SMR info:
_java_thread_list=0x000002b4e6089d70, length=114, elements={
0x000002b4c3af9760, 0x000002b4e18f2250, 0x000002b4e18f2b00, 0x000002b4e190aae0,
0x000002b4e190b390, 0x000002b4e190bc40, 0x000002b4e190c4f0, 0x000002b4e190f0e0,
0x000002b4e190f9d0, 0x000002b4e1912a70, 0x000002b4e5cc3a10, 0x000002b4e5cceb10,
0x000002b4e7422580, 0x000002b4e6fe2910, 0x000002b4e75fc490, 0x000002b4e74c45c0,
0x000002b4e74c7140, 0x000002b4e764a040, 0x000002b4e764a500, 0x000002b4e7599880,
0x000002b4e7598070, 0x000002b4e759b090, 0x000002b4e759b560, 0x000002b4e7598a10,
0x000002b4e7598ee0, 0x000002b4e75993b0, 0x000002b4e759ba30, 0x000002b4e7599d50,
0x000002b4e759a220, 0x000002b4e759a6f0, 0x000002b4e97023a0, 0x000002b4e9701ed0,
0x000002b4e9702d40, 0x000002b4e97036e0, 0x000002b4e9702870, 0x000002b4e9704a20,
0x000002b4e9704080, 0x000002b4e9701530, 0x000002b4e9701a00, 0x000002b4e83ac980,
0x000002b4e83ab640, 0x000002b4e83ace50, 0x000002b4e83ad320, 0x000002b4e83afe70,
0x000002b4e83adcc0, 0x000002b4e83abfe0, 0x000002b4e83ae190, 0x000002b4e83ae660,
0x000002b4e83aeb30, 0x000002b4e83b0810, 0x000002b4e83abb10, 0x000002b4e83af000,
0x000002b4e83af4d0, 0x000002b4e83af9a0, 0x000002b4e83b0340, 0x000002b4e83b0ce0,
0x000002b4e83b1680, 0x000002b4e83aa7d0, 0x000002b4e83b1b50, 0x000002b4e83b2020,
0x000002b4e83aaca0, 0x000002b4e83ab170, 0x000002b4e7c33840, 0x000002b4e7c2dcd0,
0x000002b4e7c329d0, 0x000002b4e7c2d330, 0x000002b4e7c2fe80, 0x000002b4e7c2d800,
0x000002b4e7c2e1a0, 0x000002b4e7c2e670, 0x000002b4e7c30350, 0x000002b4e7c31b60,
0x000002b4e7c2eb40, 0x000002b4e7c2ce60, 0x000002b4e7c32030, 0x000002b4e7c311c0,
0x000002b4e7c2c4c0, 0x000002b4e7c30820, 0x000002b4e7c30cf0, 0x000002b4e7c31690,
0x000002b4e7c33370, 0x000002b4e7c2bff0, 0x000002b4e7c2c990, 0x000002b4e7598540,
0x000002b4e9a1da20, 0x000002b4e9a200a0, 0x000002b4e9a1ed60, 0x000002b4e9a1def0,
0x000002b4e9a1e3c0, 0x000002b4e9a1c210, 0x000002b4e9a1f700, 0x000002b4e9a1b3a0,
0x000002b4e9a1aa00, 0x000002b4e9a213e0, 0x000002b4e9a20570, 0x000002b4e9a1e890,
0x000002b4e9a1aed0, 0x000002b4e9a20f10, 0x000002b4e9a1a530, 0x000002b4e9a218b0,
0x000002b4e9a1fbd0, 0x000002b4e9a1f230, 0x000002b4e9a20a40, 0x000002b4e9a1a060,
0x000002b4e9a1b870, 0x000002b4e9a1bd40, 0x000002b4e9a1d550, 0x000002b4e78b7520,
0x000002b4e78b31c0, 0x000002b4e78b5840, 0x000002b4e78b1e80, 0x000002b4e78b79f0,
0x000002b4e78b7050, 0x000002b4ea7577a0
}

Java Threads: ( => current thread )
  0x000002b4c3af9760 JavaThread "main" [_thread_blocked, id=11164, stack(0x000000d790200000,0x000000d790300000)]
  0x000002b4e18f2250 JavaThread "Reference Handler" daemon [_thread_blocked, id=9540, stack(0x000000d790900000,0x000000d790a00000)]
  0x000002b4e18f2b00 JavaThread "Finalizer" daemon [_thread_blocked, id=4928, stack(0x000000d790a00000,0x000000d790b00000)]
  0x000002b4e190aae0 JavaThread "Signal Dispatcher" daemon [_thread_blocked, id=10560, stack(0x000000d790b00000,0x000000d790c00000)]
  0x000002b4e190b390 JavaThread "Attach Listener" daemon [_thread_blocked, id=10832, stack(0x000000d790c00000,0x000000d790d00000)]
  0x000002b4e190bc40 JavaThread "Service Thread" daemon [_thread_blocked, id=5548, stack(0x000000d790d00000,0x000000d790e00000)]
  0x000002b4e190c4f0 JavaThread "Monitor Deflation Thread" daemon [_thread_blocked, id=7032, stack(0x000000d790e00000,0x000000d790f00000)]
=>0x000002b4e190f0e0 JavaThread "C2 CompilerThread0" daemon [_thread_in_native, id=5456, stack(0x000000d790f00000,0x000000d791000000)]
  0x000002b4e190f9d0 JavaThread "C1 CompilerThread0" daemon [_thread_in_native, id=9472, stack(0x000000d791000000,0x000000d791100000)]
  0x000002b4e1912a70 JavaThread "Sweeper thread" daemon [_thread_blocked, id=5392, stack(0x000000d791100000,0x000000d791200000)]
  0x000002b4e5cc3a10 JavaThread "Common-Cleaner" daemon [_thread_blocked, id=10224, stack(0x000000d791200000,0x000000d791300000)]
  0x000002b4e5cceb10 JavaThread "Notification Thread" daemon [_thread_blocked, id=5420, stack(0x000000d791300000,0x000000d791400000)]
  0x000002b4e7422580 JavaThread "Daemon health stats" [_thread_blocked, id=4020, stack(0x000000d791a00000,0x000000d791b00000)]
  0x000002b4e6fe2910 JavaThread "Incoming local TCP Connector on port 57149" [_thread_in_native, id=5800, stack(0x000000d791b00000,0x000000d791c00000)]
  0x000002b4e75fc490 JavaThread "Daemon periodic checks" [_thread_blocked, id=7264, stack(0x000000d791c00000,0x000000d791d00000)]
  0x000002b4e74c45c0 JavaThread "Daemon" [_thread_blocked, id=7132, stack(0x000000d791d00000,0x000000d791e00000)]
  0x000002b4e74c7140 JavaThread "Handler for socket connection from /127.0.0.1:57149 to /127.0.0.1:57150" [_thread_in_native, id=3276, stack(0x000000d791e00000,0x000000d791f00000)]
  0x000002b4e764a040 JavaThread "Cancel handler" [_thread_blocked, id=10976, stack(0x000000d791f00000,0x000000d792000000)]
  0x000002b4e764a500 JavaThread "Daemon worker" [_thread_blocked, id=1908, stack(0x000000d792000000,0x000000d792100000)]
  0x000002b4e7599880 JavaThread "Asynchronous log dispatcher for DefaultDaemonConnection: socket connection from /127.0.0.1:57149 to /127.0.0.1:57150" [_thread_blocked, id=384, stack(0x000000d792100000,0x000000d792200000)]
  0x000002b4e7598070 JavaThread "Stdin handler" [_thread_blocked, id=4048, stack(0x000000d792200000,0x000000d792300000)]
  0x000002b4e759b090 JavaThread "Daemon client event forwarder" [_thread_blocked, id=9572, stack(0x000000d792300000,0x000000d792400000)]
  0x000002b4e759b560 JavaThread "Cache worker for journal cache (C:\Users\ADMIN\.gradle\caches\journal-1)" [_thread_blocked, id=5828, stack(0x000000d791500000,0x000000d791600000)]
  0x000002b4e7598a10 JavaThread "File lock request listener" [_thread_in_native, id=6440, stack(0x000000d792400000,0x000000d792500000)]
  0x000002b4e7598ee0 JavaThread "Cache worker for file hash cache (C:\Users\ADMIN\.gradle\caches\7.5.1\fileHashes)" [_thread_blocked, id=2848, stack(0x000000d792600000,0x000000d792700000)]
  0x000002b4e75993b0 JavaThread "File watcher server" daemon [_thread_in_native, id=5796, stack(0x000000d792800000,0x000000d792900000)]
  0x000002b4e759ba30 JavaThread "File watcher consumer" daemon [_thread_blocked, id=7504, stack(0x000000d792900000,0x000000d792a00000)]
  0x000002b4e7599d50 JavaThread "Cache worker for checksums cache (D:\RN\Appaxohu\android\.gradle\7.5.1\checksums)" [_thread_blocked, id=1296, stack(0x000000d792a00000,0x000000d792b00000)]
  0x000002b4e759a220 JavaThread "Cache worker for cache directory md-rule (C:\Users\ADMIN\.gradle\caches\7.5.1\md-rule)" [_thread_blocked, id=268, stack(0x000000d792b00000,0x000000d792c00000)]
  0x000002b4e759a6f0 JavaThread "Cache worker for file content cache (C:\Users\ADMIN\.gradle\caches\7.5.1\fileContent)" [_thread_blocked, id=2116, stack(0x000000d792c00000,0x000000d792d00000)]
  0x000002b4e97023a0 JavaThread "Cache worker for file hash cache (D:\RN\Appaxohu\android\.gradle\7.5.1\fileHashes)" [_thread_blocked, id=2940, stack(0x000000d792e00000,0x000000d792f00000)]
  0x000002b4e9701ed0 JavaThread "Cache worker for cache directory md-supplier (C:\Users\ADMIN\.gradle\caches\7.5.1\md-supplier)" [_thread_blocked, id=10328, stack(0x000000d792f00000,0x000000d793000000)]
  0x000002b4e9702d40 JavaThread "Cache worker for execution history cache (C:\Users\ADMIN\.gradle\caches\7.5.1\executionHistory)" [_thread_blocked, id=3700, stack(0x000000d793000000,0x000000d793100000)]
  0x000002b4e97036e0 JavaThread "jar transforms" [_thread_blocked, id=1196, stack(0x000000d793100000,0x000000d793200000)]
  0x000002b4e9702870 JavaThread "jar transforms Thread 2" [_thread_blocked, id=8248, stack(0x000000d793200000,0x000000d793300000)]
  0x000002b4e9704a20 JavaThread "jar transforms Thread 3" [_thread_blocked, id=3828, stack(0x000000d793300000,0x000000d793400000)]
  0x000002b4e9704080 JavaThread "jar transforms Thread 4" [_thread_blocked, id=8728, stack(0x000000d793400000,0x000000d793500000)]
  0x000002b4e9701530 JavaThread "Cache worker for kotlin-dsl (C:\Users\ADMIN\.gradle\caches\7.5.1\kotlin-dsl)" [_thread_blocked, id=1812, stack(0x000000d78ff00000,0x000000d790000000)]
  0x000002b4e9701a00 JavaThread "jar transforms Thread 5" [_thread_blocked, id=1808, stack(0x000000d790100000,0x000000d790200000)]
  0x000002b4e83ac980 JavaThread "jar transforms Thread 6" [_thread_blocked, id=2196, stack(0x000000d793600000,0x000000d793700000)]
  0x000002b4e83ab640 JavaThread "Cache worker for dependencies-accessors (D:\RN\Appaxohu\android\.gradle\7.5.1\dependencies-accessors)" [_thread_blocked, id=2584, stack(0x000000d793700000,0x000000d793800000)]
  0x000002b4e83ace50 JavaThread "Cache worker for Build Output Cleanup Cache (D:\RN\Appaxohu\node_modules\react-native-gradle-plugin\.gradle\buildOutputCleanup)" [_thread_blocked, id=9088, stack(0x000000d790000000,0x000000d790100000)]
  0x000002b4e83ad320 JavaThread "Unconstrained build operations" [_thread_blocked, id=9052, stack(0x000000d793800000,0x000000d793900000)]
  0x000002b4e83afe70 JavaThread "Unconstrained build operations Thread 2" [_thread_blocked, id=9120, stack(0x000000d793900000,0x000000d793a00000)]
  0x000002b4e83adcc0 JavaThread "Unconstrained build operations Thread 3" [_thread_blocked, id=9132, stack(0x000000d793a00000,0x000000d793b00000)]
  0x000002b4e83abfe0 JavaThread "Unconstrained build operations Thread 4" [_thread_blocked, id=9096, stack(0x000000d793b00000,0x000000d793c00000)]
  0x000002b4e83ae190 JavaThread "Unconstrained build operations Thread 5" [_thread_blocked, id=9156, stack(0x000000d793c00000,0x000000d793d00000)]
  0x000002b4e83ae660 JavaThread "Unconstrained build operations Thread 6" [_thread_blocked, id=9172, stack(0x000000d793d00000,0x000000d793e00000)]
  0x000002b4e83aeb30 JavaThread "Unconstrained build operations Thread 7" [_thread_blocked, id=7336, stack(0x000000d793e00000,0x000000d793f00000)]
  0x000002b4e83b0810 JavaThread "Unconstrained build operations Thread 8" [_thread_blocked, id=7996, stack(0x000000d793f00000,0x000000d794000000)]
  0x000002b4e83abb10 JavaThread "Unconstrained build operations Thread 9" [_thread_blocked, id=9076, stack(0x000000d794000000,0x000000d794100000)]
  0x000002b4e83af000 JavaThread "Unconstrained build operations Thread 10" [_thread_blocked, id=1688, stack(0x000000d794100000,0x000000d794200000)]
  0x000002b4e83af4d0 JavaThread "Unconstrained build operations Thread 11" [_thread_blocked, id=9048, stack(0x000000d794200000,0x000000d794300000)]
  0x000002b4e83af9a0 JavaThread "Unconstrained build operations Thread 12" [_thread_blocked, id=7400, stack(0x000000d794300000,0x000000d794400000)]
  0x000002b4e83b0340 JavaThread "Unconstrained build operations Thread 13" [_thread_blocked, id=8876, stack(0x000000d794400000,0x000000d794500000)]
  0x000002b4e83b0ce0 JavaThread "Unconstrained build operations Thread 14" [_thread_blocked, id=8960, stack(0x000000d794500000,0x000000d794600000)]
  0x000002b4e83b1680 JavaThread "Unconstrained build operations Thread 15" [_thread_blocked, id=8936, stack(0x000000d794600000,0x000000d794700000)]
  0x000002b4e83aa7d0 JavaThread "Unconstrained build operations Thread 16" [_thread_blocked, id=8944, stack(0x000000d794700000,0x000000d794800000)]
  0x000002b4e83b1b50 JavaThread "Unconstrained build operations Thread 17" [_thread_blocked, id=8948, stack(0x000000d794800000,0x000000d794900000)]
  0x000002b4e83b2020 JavaThread "Unconstrained build operations Thread 18" [_thread_blocked, id=5104, stack(0x000000d794900000,0x000000d794a00000)]
  0x000002b4e83aaca0 JavaThread "Unconstrained build operations Thread 19" [_thread_blocked, id=8400, stack(0x000000d794a00000,0x000000d794b00000)]
  0x000002b4e83ab170 JavaThread "Unconstrained build operations Thread 20" [_thread_blocked, id=8920, stack(0x000000d794b00000,0x000000d794c00000)]
  0x000002b4e7c33840 JavaThread "Unconstrained build operations Thread 21" [_thread_blocked, id=3152, stack(0x000000d794c00000,0x000000d794d00000)]
  0x000002b4e7c2dcd0 JavaThread "Unconstrained build operations Thread 22" [_thread_blocked, id=4520, stack(0x000000d794d00000,0x000000d794e00000)]
  0x000002b4e7c329d0 JavaThread "Unconstrained build operations Thread 23" [_thread_blocked, id=1064, stack(0x000000d794e00000,0x000000d794f00000)]
  0x000002b4e7c2d330 JavaThread "Unconstrained build operations Thread 24" [_thread_blocked, id=1060, stack(0x000000d794f00000,0x000000d795000000)]
  0x000002b4e7c2fe80 JavaThread "Unconstrained build operations Thread 25" [_thread_blocked, id=8352, stack(0x000000d795000000,0x000000d795100000)]
  0x000002b4e7c2d800 JavaThread "Unconstrained build operations Thread 26" [_thread_blocked, id=1112, stack(0x000000d795100000,0x000000d795200000)]
  0x000002b4e7c2e1a0 JavaThread "Unconstrained build operations Thread 27" [_thread_blocked, id=1332, stack(0x000000d795200000,0x000000d795300000)]
  0x000002b4e7c2e670 JavaThread "Unconstrained build operations Thread 28" [_thread_blocked, id=1328, stack(0x000000d795300000,0x000000d795400000)]
  0x000002b4e7c30350 JavaThread "Unconstrained build operations Thread 29" [_thread_blocked, id=9112, stack(0x000000d795400000,0x000000d795500000)]
  0x000002b4e7c31b60 JavaThread "Unconstrained build operations Thread 30" [_thread_blocked, id=8940, stack(0x000000d795500000,0x000000d795600000)]
  0x000002b4e7c2eb40 JavaThread "Unconstrained build operations Thread 31" [_thread_blocked, id=944, stack(0x000000d795600000,0x000000d795700000)]
  0x000002b4e7c2ce60 JavaThread "Unconstrained build operations Thread 32" [_thread_blocked, id=948, stack(0x000000d795700000,0x000000d795800000)]
  0x000002b4e7c32030 JavaThread "Unconstrained build operations Thread 33" [_thread_blocked, id=520, stack(0x000000d795800000,0x000000d795900000)]
  0x000002b4e7c311c0 JavaThread "build event listener" [_thread_blocked, id=11236, stack(0x000000d795900000,0x000000d795a00000)]
  0x000002b4e7c2c4c0 JavaThread "Memory manager" [_thread_blocked, id=7100, stack(0x000000d795a00000,0x000000d795b00000)]
  0x000002b4e7c30820 JavaThread "Cache worker for Build Output Cleanup Cache (D:\RN\Appaxohu\android\.gradle\buildOutputCleanup)" [_thread_blocked, id=8204, stack(0x000000d795c00000,0x000000d795d00000)]
  0x000002b4e7c30cf0 JavaThread "included builds" [_thread_blocked, id=9220, stack(0x000000d795d00000,0x000000d795e00000)]
  0x000002b4e7c31690 JavaThread "Execution worker" [_thread_blocked, id=5296, stack(0x000000d795e00000,0x000000d795f00000)]
  0x000002b4e7c33370 JavaThread "Execution worker Thread 2" [_thread_blocked, id=2284, stack(0x000000d795f00000,0x000000d796000000)]
  0x000002b4e7c2bff0 JavaThread "Execution worker Thread 3" [_thread_blocked, id=692, stack(0x000000d796000000,0x000000d796100000)]
  0x000002b4e7c2c990 JavaThread "Execution worker Thread 4" [_thread_blocked, id=7340, stack(0x000000d796100000,0x000000d796200000)]
  0x000002b4e7598540 JavaThread "Execution worker Thread 5" [_thread_in_native, id=2380, stack(0x000000d796200000,0x000000d796300000)]
  0x000002b4e9a1da20 JavaThread "Cache worker for execution history cache (D:\RN\Appaxohu\node_modules\react-native-gradle-plugin\.gradle\7.5.1\executionHistory)" [_thread_blocked, id=7216, stack(0x000000d796300000,0x000000d796400000)]
  0x000002b4e9a200a0 JavaThread "Unconstrained build operations Thread 34" [_thread_blocked, id=8700, stack(0x000000d796400000,0x000000d796500000)]
  0x000002b4e9a1ed60 JavaThread "Unconstrained build operations Thread 35" [_thread_blocked, id=11156, stack(0x000000d796500000,0x000000d796600000)]
  0x000002b4e9a1def0 JavaThread "Unconstrained build operations Thread 36" [_thread_blocked, id=7228, stack(0x000000d796600000,0x000000d796700000)]
  0x000002b4e9a1e3c0 JavaThread "Unconstrained build operations Thread 37" [_thread_blocked, id=3740, stack(0x000000d796700000,0x000000d796800000)]
  0x000002b4e9a1c210 JavaThread "Unconstrained build operations Thread 38" [_thread_blocked, id=10388, stack(0x000000d796800000,0x000000d796900000)]
  0x000002b4e9a1f700 JavaThread "Unconstrained build operations Thread 39" [_thread_blocked, id=9352, stack(0x000000d796900000,0x000000d796a00000)]
  0x000002b4e9a1b3a0 JavaThread "Unconstrained build operations Thread 40" [_thread_blocked, id=9336, stack(0x000000d796a00000,0x000000d796b00000)]
  0x000002b4e9a1aa00 JavaThread "Unconstrained build operations Thread 41" [_thread_blocked, id=9360, stack(0x000000d796b00000,0x000000d796c00000)]
  0x000002b4e9a213e0 JavaThread "Unconstrained build operations Thread 42" [_thread_blocked, id=9392, stack(0x000000d796c00000,0x000000d796d00000)]
  0x000002b4e9a20570 JavaThread "Unconstrained build operations Thread 43" [_thread_blocked, id=9400, stack(0x000000d796d00000,0x000000d796e00000)]
  0x000002b4e9a1e890 JavaThread "Unconstrained build operations Thread 44" [_thread_blocked, id=9396, stack(0x000000d796e00000,0x000000d796f00000)]
  0x000002b4e9a1aed0 JavaThread "Unconstrained build operations Thread 45" [_thread_blocked, id=9344, stack(0x000000d796f00000,0x000000d797000000)]
  0x000002b4e9a20f10 JavaThread "Unconstrained build operations Thread 46" [_thread_blocked, id=9224, stack(0x000000d797000000,0x000000d797100000)]
  0x000002b4e9a1a530 JavaThread "Unconstrained build operations Thread 47" [_thread_blocked, id=10020, stack(0x000000d797100000,0x000000d797200000)]
  0x000002b4e9a218b0 JavaThread "Unconstrained build operations Thread 48" [_thread_blocked, id=3296, stack(0x000000d797200000,0x000000d797300000)]
  0x000002b4e9a1fbd0 JavaThread "Unconstrained build operations Thread 49" [_thread_blocked, id=10176, stack(0x000000d797300000,0x000000d797400000)]
  0x000002b4e9a1f230 JavaThread "Unconstrained build operations Thread 50" [_thread_blocked, id=10180, stack(0x000000d797400000,0x000000d797500000)]
  0x000002b4e9a20a40 JavaThread "Unconstrained build operations Thread 51" [_thread_blocked, id=10184, stack(0x000000d797500000,0x000000d797600000)]
  0x000002b4e9a1a060 JavaThread "Unconstrained build operations Thread 52" [_thread_blocked, id=10188, stack(0x000000d797600000,0x000000d797700000)]
  0x000002b4e9a1b870 JavaThread "Unconstrained build operations Thread 53" [_thread_blocked, id=10128, stack(0x000000d797700000,0x000000d797800000)]
  0x000002b4e9a1bd40 JavaThread "Unconstrained build operations Thread 54" [_thread_blocked, id=1840, stack(0x000000d797800000,0x000000d797900000)]
  0x000002b4e9a1d550 JavaThread "Unconstrained build operations Thread 55" [_thread_blocked, id=6496, stack(0x000000d797900000,0x000000d797a00000)]
  0x000002b4e78b7520 JavaThread "RMI Scheduler(0)" daemon [_thread_blocked, id=10724, stack(0x000000d795b00000,0x000000d795c00000)]
  0x000002b4e78b31c0 JavaThread "RMI RenewClean-[127.0.0.1:17023,org.jetbrains.kotlin.daemon.common.LoopbackNetworkInterface$ClientLoopbackSocketFactory@61dc8fc6]" daemon [_thread_blocked, id=2280, stack(0x000000d797a00000,0x000000d797b00000)]
  0x000002b4e78b5840 JavaThread "RMI GC Daemon" daemon [_thread_blocked, id=540, stack(0x000000d797b00000,0x000000d797c00000)]
  0x000002b4e78b1e80 JavaThread "RMI TCP Accept-0" daemon [_thread_in_native, id=6484, stack(0x000000d797c00000,0x000000d797d00000)]
  0x000002b4e78b79f0 JavaThread "RMI Reaper" [_thread_blocked, id=6788, stack(0x000000d797d00000,0x000000d797e00000)]
  0x000002b4e78b7050 JavaThread "RMI TCP Connection(idle)" daemon [_thread_blocked, id=9776, stack(0x000000d797e00000,0x000000d797f00000)]
  0x000002b4ea7577a0 JavaThread "C2 CompilerThread1" daemon [_thread_in_native, id=2488, stack(0x000000d797f00000,0x000000d798000000)]

Other Threads:
  0x000002b4c3b7c630 VMThread "VM Thread" [stack: 0x000000d790800000,0x000000d790900000] [id=8276]
  0x000002b4e5ccefd0 WatcherThread "VM Periodic Task Thread" [stack: 0x000000d791400000,0x000000d791500000] [id=6944]
  0x000002b4c3b58ca0 WorkerThread "GC Thread#0" [stack: 0x000000d790300000,0x000000d790400000] [id=5860]
  0x000002b4e68409e0 WorkerThread "GC Thread#1" [stack: 0x000000d791600000,0x000000d791700000] [id=3172]
  0x000002b4e667d660 WorkerThread "GC Thread#2" [stack: 0x000000d791700000,0x000000d791800000] [id=7296]
  0x000002b4e6670f80 WorkerThread "GC Thread#3" [stack: 0x000000d791800000,0x000000d791900000] [id=8544]
  0x000002b4e68ad340 WorkerThread "GC Thread#4" [stack: 0x000000d791900000,0x000000d791a00000] [id=10220]
  0x000002b4e7720000 WorkerThread "GC Thread#5" [stack: 0x000000d792700000,0x000000d792800000] [id=8388]
  0x000002b4c3b69980 ConcurrentGCThread "G1 Main Marker" [stack: 0x000000d790400000,0x000000d790500000] [id=8776]
  0x000002b4c3b6a8c0 WorkerThread "G1 Conc#0" [stack: 0x000000d790500000,0x000000d790600000] [id=8368]
  0x000002b4e77217a0 WorkerThread "G1 Conc#1" [stack: 0x000000d792d00000,0x000000d792e00000] [id=1520]
  0x000002b4c3bb4ee0 ConcurrentGCThread "G1 Refine#0" [stack: 0x000000d790600000,0x000000d790700000] [id=1100]
  0x000002b4c3bb65b0 ConcurrentGCThread "G1 Service" [stack: 0x000000d790700000,0x000000d790800000] [id=7380]

Threads with active compile tasks:
C2 CompilerThread0   106848 8404       4       org.gradle.internal.logging.text.AbstractLineChoppingStyledTextOutput$1::execute (9 bytes)
C1 CompilerThread0   106848 8427       3       sun.security.provider.ByteArrayAccess::i2bBig4 (10 bytes)
C2 CompilerThread1   106849 8422       4       org.gradle.internal.logging.text.AbstractLineChoppingStyledTextOutput::doAppend (43 bytes)

VM state: not at safepoint (normal execution)

VM Mutex/Monitor currently owned by a thread: None

Heap address: 0x0000000080000000, size: 2048 MB, Compressed Oops mode: 32-bit

CDS archive(s) mapped at: [0x0000000800000000-0x0000000800ba0000-0x0000000800ba0000), size 12189696, SharedBaseAddress: 0x0000000800000000, ArchiveRelocationMode: 0.
Compressed class space mapped at: 0x0000000800c00000-0x000000081a800000, reserved size: 432013312
Narrow klass base: 0x0000000800000000, Narrow klass shift: 0, Narrow klass range: 0x100000000

GC Precious Log:
 CardTable entry size: 512
 Card Set container configuration: InlinePtr #cards 5 size 8 Array Of Cards #cards 12 size 40 Howl #buckets 4 coarsen threshold 1843 Howl Bitmap #cards 512 size 80 coarsen threshold 460 Card regions per heap region 1 cards per card region 2048
 CPUs: 6 total, 6 available
 Memory: 8123M
 Large Page Support: Disabled
 NUMA Support: Disabled
 Compressed Oops: Enabled (32-bit)
 Heap Region Size: 1M
 Heap Min Capacity: 8M
 Heap Initial Capacity: 128M
 Heap Max Capacity: 2G
 Pre-touch: Disabled
 Parallel Workers: 6
 Concurrent Workers: 2
 Concurrent Refinement Workers: 6
 Periodic GC: Disabled

Heap:
 garbage-first heap   total 94208K, used 59059K [0x0000000080000000, 0x0000000100000000)
  region size 1024K, 7 young (7168K), 2 survivors (2048K)
 Metaspace       used 64265K, committed 66048K, reserved 487424K
  class space    used 9002K, committed 9920K, reserved 421888K

Heap Regions: E=young(eden), S=young(survivor), O=old, HS=humongous(starts), HC=humongous(continues), CS=collection set, F=free, OA=open archive, CA=closed archive, TAMS=top-at-mark-start (previous, next)
|   0|0x0000000080000000, 0x0000000080100000, 0x0000000080100000|100%| O|  |TAMS 0x0000000080100000, 0x0000000080000000| Untracked 
|   1|0x0000000080100000, 0x0000000080200000, 0x0000000080200000|100%| O|  |TAMS 0x0000000080200000, 0x0000000080100000| Untracked 
|   2|0x0000000080200000, 0x0000000080300000, 0x0000000080300000|100%| O|  |TAMS 0x0000000080300000, 0x0000000080200000| Untracked 
|   3|0x0000000080300000, 0x0000000080400000, 0x0000000080400000|100%|HS|  |TAMS 0x0000000080400000, 0x0000000080300000| Complete 
|   4|0x0000000080400000, 0x0000000080500000, 0x0000000080500000|100%|HC|  |TAMS 0x0000000080500000, 0x0000000080400000| Complete 
|   5|0x0000000080500000, 0x0000000080600000, 0x0000000080600000|100%|HC|  |TAMS 0x0000000080600000, 0x0000000080500000| Complete 
|   6|0x0000000080600000, 0x0000000080700000, 0x0000000080700000|100%| O|  |TAMS 0x0000000080700000, 0x0000000080600000| Untracked 
|   7|0x0000000080700000, 0x0000000080800000, 0x0000000080800000|100%| O|  |TAMS 0x0000000080800000, 0x0000000080700000| Untracked 
|   8|0x0000000080800000, 0x0000000080900000, 0x0000000080900000|100%| O|  |TAMS 0x0000000080900000, 0x0000000080800000| Untracked 
|   9|0x0000000080900000, 0x0000000080a00000, 0x0000000080a00000|100%| O|  |TAMS 0x0000000080a00000, 0x0000000080900000| Untracked 
|  10|0x0000000080a00000, 0x0000000080b00000, 0x0000000080b00000|100%| O|  |TAMS 0x0000000080b00000, 0x0000000080a00000| Untracked 
|  11|0x0000000080b00000, 0x0000000080c00000, 0x0000000080c00000|100%| O|  |TAMS 0x0000000080c00000, 0x0000000080b00000| Untracked 
|  12|0x0000000080c00000, 0x0000000080d00000, 0x0000000080d00000|100%| O|  |TAMS 0x0000000080d00000, 0x0000000080c00000| Untracked 
|  13|0x0000000080d00000, 0x0000000080e00000, 0x0000000080e00000|100%| O|  |TAMS 0x0000000080e00000, 0x0000000080d00000| Untracked 
|  14|0x0000000080e00000, 0x0000000080f00000, 0x0000000080f00000|100%| O|  |TAMS 0x0000000080f00000, 0x0000000080e00000| Untracked 
|  15|0x0000000080f00000, 0x0000000081000000, 0x0000000081000000|100%| O|  |TAMS 0x0000000081000000, 0x0000000080f00000| Untracked 
|  16|0x0000000081000000, 0x0000000081100000, 0x0000000081100000|100%| O|  |TAMS 0x0000000081100000, 0x0000000081000000| Untracked 
|  17|0x0000000081100000, 0x0000000081200000, 0x0000000081200000|100%| O|  |TAMS 0x0000000081200000, 0x0000000081100000| Untracked 
|  18|0x0000000081200000, 0x0000000081300000, 0x0000000081300000|100%| O|  |TAMS 0x0000000081300000, 0x0000000081200000| Untracked 
|  19|0x0000000081300000, 0x0000000081326800, 0x0000000081400000| 15%| O|  |TAMS 0x0000000081326800, 0x0000000081300000| Untracked 
|  20|0x0000000081400000, 0x0000000081500000, 0x0000000081500000|100%| O|  |TAMS 0x0000000081500000, 0x0000000081400000| Untracked 
|  21|0x0000000081500000, 0x0000000081600000, 0x0000000081600000|100%| O|  |TAMS 0x0000000081600000, 0x0000000081500000| Untracked 
|  22|0x0000000081600000, 0x0000000081700000, 0x0000000081700000|100%| O|  |TAMS 0x0000000081700000, 0x0000000081600000| Untracked 
|  23|0x0000000081700000, 0x0000000081800000, 0x0000000081800000|100%| O|  |TAMS 0x0000000081800000, 0x0000000081700000| Untracked 
|  24|0x0000000081800000, 0x0000000081900000, 0x0000000081900000|100%| O|  |TAMS 0x0000000081900000, 0x0000000081800000| Untracked 
|  25|0x0000000081900000, 0x0000000081a00000, 0x0000000081a00000|100%| O|  |TAMS 0x0000000081a00000, 0x0000000081900000| Untracked 
|  26|0x0000000081a00000, 0x0000000081b00000, 0x0000000081b00000|100%| O|  |TAMS 0x0000000081b00000, 0x0000000081a00000| Untracked 
|  27|0x0000000081b00000, 0x0000000081c00000, 0x0000000081c00000|100%| O|  |TAMS 0x0000000081c00000, 0x0000000081b00000| Untracked 
|  28|0x0000000081c00000, 0x0000000081d00000, 0x0000000081d00000|100%| O|  |TAMS 0x0000000081d00000, 0x0000000081c00000| Untracked 
|  29|0x0000000081d00000, 0x0000000081e00000, 0x0000000081e00000|100%| O|  |TAMS 0x0000000081e00000, 0x0000000081d00000| Untracked 
|  30|0x0000000081e00000, 0x0000000081f00000, 0x0000000081f00000|100%| O|  |TAMS 0x0000000081f00000, 0x0000000081e00000| Untracked 
|  31|0x0000000081f00000, 0x0000000082000000, 0x0000000082000000|100%| O|  |TAMS 0x0000000082000000, 0x0000000081f00000| Untracked 
|  32|0x0000000082000000, 0x0000000082100000, 0x0000000082100000|100%| O|  |TAMS 0x0000000082100000, 0x0000000082000000| Untracked 
|  33|0x0000000082100000, 0x0000000082200000, 0x0000000082200000|100%| O|  |TAMS 0x0000000082200000, 0x0000000082100000| Untracked 
|  34|0x0000000082200000, 0x0000000082300000, 0x0000000082300000|100%|HS|  |TAMS 0x0000000082300000, 0x0000000082200000| Complete 
|  35|0x0000000082300000, 0x0000000082400000, 0x0000000082400000|100%|HS|  |TAMS 0x0000000082400000, 0x0000000082300000| Complete 
|  36|0x0000000082400000, 0x0000000082500000, 0x0000000082500000|100%|HC|  |TAMS 0x0000000082500000, 0x0000000082400000| Complete 
|  37|0x0000000082500000, 0x0000000082600000, 0x0000000082600000|100%|HC|  |TAMS 0x0000000082600000, 0x0000000082500000| Complete 
|  38|0x0000000082600000, 0x0000000082700000, 0x0000000082700000|100%| O|  |TAMS 0x0000000082700000, 0x0000000082600000| Untracked 
|  39|0x0000000082700000, 0x0000000082800000, 0x0000000082800000|100%| O|  |TAMS 0x0000000082800000, 0x0000000082700000| Untracked 
|  40|0x0000000082800000, 0x0000000082900000, 0x0000000082900000|100%| O|  |TAMS 0x0000000082900000, 0x0000000082800000| Untracked 
|  41|0x0000000082900000, 0x0000000082a00000, 0x0000000082a00000|100%| O|  |TAMS 0x0000000082a00000, 0x0000000082900000| Untracked 
|  42|0x0000000082a00000, 0x0000000082b00000, 0x0000000082b00000|100%| O|  |TAMS 0x0000000082b00000, 0x0000000082a00000| Untracked 
|  43|0x0000000082b00000, 0x0000000082c00000, 0x0000000082c00000|100%| O|  |TAMS 0x0000000082c00000, 0x0000000082b00000| Untracked 
|  44|0x0000000082c00000, 0x0000000082d00000, 0x0000000082d00000|100%| O|  |TAMS 0x0000000082d00000, 0x0000000082c00000| Untracked 
|  45|0x0000000082d00000, 0x0000000082e00000, 0x0000000082e00000|100%| O|  |TAMS 0x0000000082e00000, 0x0000000082d00000| Untracked 
|  46|0x0000000082e00000, 0x0000000082f00000, 0x0000000082f00000|100%| O|  |TAMS 0x0000000082f00000, 0x0000000082e00000| Untracked 
|  47|0x0000000082f00000, 0x0000000083000000, 0x0000000083000000|100%| O|  |TAMS 0x0000000083000000, 0x0000000082f00000| Untracked 
|  48|0x0000000083000000, 0x0000000083100000, 0x0000000083100000|100%| O|  |TAMS 0x000000008309ec00, 0x0000000083000000| Untracked 
|  49|0x0000000083100000, 0x0000000083200000, 0x0000000083200000|100%| O|  |TAMS 0x0000000083100000, 0x0000000083100000| Untracked 
|  50|0x0000000083200000, 0x0000000083300000, 0x0000000083300000|100%| O|  |TAMS 0x0000000083200000, 0x0000000083200000| Untracked 
|  51|0x0000000083300000, 0x0000000083400000, 0x0000000083400000|100%| O|  |TAMS 0x0000000083300000, 0x0000000083300000| Untracked 
|  52|0x0000000083400000, 0x0000000083500000, 0x0000000083500000|100%| O|  |TAMS 0x0000000083400000, 0x0000000083400000| Untracked 
|  53|0x0000000083500000, 0x000000008350f000, 0x0000000083600000|  5%| O|  |TAMS 0x0000000083500000, 0x0000000083500000| Untracked 
|  54|0x0000000083600000, 0x0000000083600000, 0x0000000083700000|  0%| F|  |TAMS 0x0000000083600000, 0x0000000083600000| Untracked 
|  55|0x0000000083700000, 0x0000000083700000, 0x0000000083800000|  0%| F|  |TAMS 0x0000000083700000, 0x0000000083700000| Untracked 
|  56|0x0000000083800000, 0x0000000083800000, 0x0000000083900000|  0%| F|  |TAMS 0x0000000083800000, 0x0000000083800000| Untracked 
|  57|0x0000000083900000, 0x0000000083900000, 0x0000000083a00000|  0%| F|  |TAMS 0x0000000083900000, 0x0000000083900000| Untracked 
|  58|0x0000000083a00000, 0x0000000083a00000, 0x0000000083b00000|  0%| F|  |TAMS 0x0000000083a00000, 0x0000000083a00000| Untracked 
|  59|0x0000000083b00000, 0x0000000083b00000, 0x0000000083c00000|  0%| F|  |TAMS 0x0000000083b00000, 0x0000000083b00000| Untracked 
|  60|0x0000000083c00000, 0x0000000083c00000, 0x0000000083d00000|  0%| F|  |TAMS 0x0000000083c00000, 0x0000000083c00000| Untracked 
|  61|0x0000000083d00000, 0x0000000083d00000, 0x0000000083e00000|  0%| F|  |TAMS 0x0000000083d00000, 0x0000000083d00000| Untracked 
|  62|0x0000000083e00000, 0x0000000083e00000, 0x0000000083f00000|  0%| F|  |TAMS 0x0000000083e00000, 0x0000000083e00000| Untracked 
|  63|0x0000000083f00000, 0x0000000083f00000, 0x0000000084000000|  0%| F|  |TAMS 0x0000000083f00000, 0x0000000083f00000| Untracked 
|  64|0x0000000084000000, 0x0000000084000000, 0x0000000084100000|  0%| F|  |TAMS 0x0000000084000000, 0x0000000084000000| Untracked 
|  65|0x0000000084100000, 0x0000000084100000, 0x0000000084200000|  0%| F|  |TAMS 0x0000000084100000, 0x0000000084100000| Untracked 
|  66|0x0000000084200000, 0x0000000084200000, 0x0000000084300000|  0%| F|  |TAMS 0x0000000084200000, 0x0000000084200000| Untracked 
|  67|0x0000000084300000, 0x0000000084300000, 0x0000000084400000|  0%| F|  |TAMS 0x0000000084300000, 0x0000000084300000| Untracked 
|  68|0x0000000084400000, 0x0000000084400000, 0x0000000084500000|  0%| F|  |TAMS 0x0000000084400000, 0x0000000084400000| Untracked 
|  69|0x0000000084500000, 0x0000000084500000, 0x0000000084600000|  0%| F|  |TAMS 0x0000000084500000, 0x0000000084500000| Untracked 
|  70|0x0000000084600000, 0x0000000084600000, 0x0000000084700000|  0%| F|  |TAMS 0x0000000084600000, 0x0000000084600000| Untracked 
|  71|0x0000000084700000, 0x0000000084700000, 0x0000000084800000|  0%| F|  |TAMS 0x0000000084700000, 0x0000000084700000| Untracked 
|  72|0x0000000084800000, 0x0000000084800000, 0x0000000084900000|  0%| F|  |TAMS 0x0000000084800000, 0x0000000084800000| Untracked 
|  73|0x0000000084900000, 0x0000000084900000, 0x0000000084a00000|  0%| F|  |TAMS 0x0000000084900000, 0x0000000084900000| Untracked 
|  74|0x0000000084a00000, 0x0000000084a00000, 0x0000000084b00000|  0%| F|  |TAMS 0x0000000084a00000, 0x0000000084a00000| Untracked 
|  75|0x0000000084b00000, 0x0000000084b77520, 0x0000000084c00000| 46%| S|CS|TAMS 0x0000000084b00000, 0x0000000084b00000| Complete 
|  76|0x0000000084c00000, 0x0000000084d00000, 0x0000000084d00000|100%| S|CS|TAMS 0x0000000084c00000, 0x0000000084c00000| Complete 
|  77|0x0000000084d00000, 0x0000000084d00000, 0x0000000084e00000|  0%| F|  |TAMS 0x0000000084d00000, 0x0000000084d00000| Untracked 
|  78|0x0000000084e00000, 0x0000000084e00000, 0x0000000084f00000|  0%| F|  |TAMS 0x0000000084e00000, 0x0000000084e00000| Untracked 
|  79|0x0000000084f00000, 0x0000000084f00000, 0x0000000085000000|  0%| F|  |TAMS 0x0000000084f00000, 0x0000000084f00000| Untracked 
|  80|0x0000000085000000, 0x0000000085000000, 0x0000000085100000|  0%| F|  |TAMS 0x0000000085000000, 0x0000000085000000| Untracked 
|  81|0x0000000085100000, 0x0000000085100000, 0x0000000085200000|  0%| F|  |TAMS 0x0000000085100000, 0x0000000085100000| Untracked 
|  82|0x0000000085200000, 0x0000000085200000, 0x0000000085300000|  0%| F|  |TAMS 0x0000000085200000, 0x0000000085200000| Untracked 
|  83|0x0000000085300000, 0x0000000085300000, 0x0000000085400000|  0%| F|  |TAMS 0x0000000085300000, 0x0000000085300000| Untracked 
|  84|0x0000000085400000, 0x0000000085400000, 0x0000000085500000|  0%| F|  |TAMS 0x0000000085400000, 0x0000000085400000| Untracked 
|  85|0x0000000085500000, 0x0000000085500000, 0x0000000085600000|  0%| F|  |TAMS 0x0000000085500000, 0x0000000085500000| Untracked 
|  86|0x0000000085600000, 0x0000000085600000, 0x0000000085700000|  0%| F|  |TAMS 0x0000000085600000, 0x0000000085600000| Untracked 
|  87|0x0000000085700000, 0x000000008572ea80, 0x0000000085800000| 18%| E|  |TAMS 0x0000000085700000, 0x0000000085700000| Complete 
| 103|0x0000000086700000, 0x0000000086800000, 0x0000000086800000|100%| E|CS|TAMS 0x0000000086700000, 0x0000000086700000| Complete 
| 104|0x0000000086800000, 0x0000000086900000, 0x0000000086900000|100%| E|CS|TAMS 0x0000000086800000, 0x0000000086800000| Complete 
| 126|0x0000000087e00000, 0x0000000087f00000, 0x0000000087f00000|100%| E|CS|TAMS 0x0000000087e00000, 0x0000000087e00000| Complete 
| 127|0x0000000087f00000, 0x0000000088000000, 0x0000000088000000|100%| E|CS|TAMS 0x0000000087f00000, 0x0000000087f00000| Complete 

Card table byte_map: [0x000002b4da940000,0x000002b4dad40000] _byte_map_base: 0x000002b4da540000

Marking Bits (Prev, Next): (CMBitMap*) 0x000002b4c3b59050, (CMBitMap*) 0x000002b4c3b59090
 Prev Bits: [0x000002b4db140000, 0x000002b4dd140000)
 Next Bits: [0x000002b4dd140000, 0x000002b4df140000)

Polling page: 0x000002b4c1a30000

Metaspace:

Usage:
  Non-class:     53.97 MB used.
      Class:      8.79 MB used.
       Both:     62.77 MB used.

Virtual space:
  Non-class space:       64.00 MB reserved,      54.88 MB ( 86%) committed,  1 nodes.
      Class space:      412.00 MB reserved,       9.69 MB (  2%) committed,  1 nodes.
             Both:      476.00 MB reserved,      64.56 MB ( 14%) committed. 

Chunk freelists:
   Non-Class:  624.00 KB
       Class:  2.13 MB
        Both:  2.74 MB

MaxMetaspaceSize: 512.00 MB
CompressedClassSpaceSize: 412.00 MB
Initial GC threshold: 21.00 MB
Current GC threshold: 103.06 MB
CDS: on
MetaspaceReclaimPolicy: balanced
 - commit_granule_bytes: 65536.
 - commit_granule_words: 8192.
 - virtual_space_node_default_size: 8388608.
 - enlarge_chunks_in_place: 1.
 - new_chunks_are_fully_committed: 0.
 - uncommit_free_chunks: 1.
 - use_allocation_guard: 0.


Internal statistics:

num_allocs_failed_limit: 8.
num_arena_births: 3192.
num_arena_deaths: 0.
num_vsnodes_births: 2.
num_vsnodes_deaths: 0.
num_space_committed: 1033.
num_space_uncommitted: 0.
num_chunks_returned_to_freelist: 8.
num_chunks_taken_from_freelist: 6203.
num_chunk_merges: 8.
num_chunk_splits: 4011.
num_chunks_enlarged: 2465.
num_inconsistent_stats: 0.

CodeHeap 'non-profiled nmethods': size=120000Kb used=3860Kb max_used=3860Kb free=116139Kb
 bounds [0x000002b4d2f00000, 0x000002b4d32d0000, 0x000002b4da430000]
CodeHeap 'profiled nmethods': size=120000Kb used=14904Kb max_used=14904Kb free=105096Kb
 bounds [0x000002b4cb9d0000, 0x000002b4cc860000, 0x000002b4d2f00000]
CodeHeap 'non-nmethods': size=5760Kb used=2391Kb max_used=2445Kb free=3368Kb
 bounds [0x000002b4cb430000, 0x000002b4cb6a0000, 0x000002b4cb9d0000]
 total_blobs=8458 nmethods=7545 adapters=825
 compilation: enabled
              stopped_count=0, restarted_count=0
 full_count=0

Compilation events (20 events):
Event: 96.236 Thread 0x000002b4e190f0e0 nmethod 8394 0x000002b4d32c2990 code [0x000002b4d32c2b80, 0x000002b4d32c3560]
Event: 99.069 Thread 0x000002b4e190f9d0 8395       1       java.util.stream.FindOps$FindOp::getOpFlags (5 bytes)
Event: 99.069 Thread 0x000002b4e190f9d0 nmethod 8395 0x000002b4d32c3c10 code [0x000002b4d32c3da0, 0x000002b4d32c3e78]
Event: 101.284 Thread 0x000002b4e190f9d0 8396       1       java.net.InetSocketAddress$InetSocketAddressHolder::getPort (5 bytes)
Event: 101.284 Thread 0x000002b4e190f9d0 nmethod 8396 0x000002b4d32c3f10 code [0x000002b4d32c40a0, 0x000002b4d32c4178]
Event: 101.286 Thread 0x000002b4e190f9d0 8397       3       java.util.Formatter$FixedString::<init> (26 bytes)
Event: 101.286 Thread 0x000002b4e190f9d0 nmethod 8397 0x000002b4cc853090 code [0x000002b4cc853240, 0x000002b4cc853478]
Event: 101.286 Thread 0x000002b4e190f9d0 8398       3       java.util.Formatter$FixedString::print (26 bytes)
Event: 101.286 Thread 0x000002b4e190f9d0 nmethod 8398 0x000002b4cc853590 code [0x000002b4cc853740, 0x000002b4cc853928]
Event: 101.286 Thread 0x000002b4e190f9d0 8399       3       java.lang.StringBuilder::append (8 bytes)
Event: 101.286 Thread 0x000002b4e190f9d0 nmethod 8399 0x000002b4cc853a10 code [0x000002b4cc853bc0, 0x000002b4cc853d68]
Event: 101.286 Thread 0x000002b4e190f9d0 8400       3       org.gradle.internal.serialize.InputStreamBackedDecoder::readBytes (11 bytes)
Event: 101.287 Thread 0x000002b4e190f9d0 nmethod 8400 0x000002b4cc853e90 code [0x000002b4cc854040, 0x000002b4cc854188]
Event: 101.287 Thread 0x000002b4e190f9d0 8401       3       org.gradle.launcher.daemon.context.DefaultDaemonContext$Serializer::read (182 bytes)
Event: 101.287 Thread 0x000002b4e190f9d0 nmethod 8401 0x000002b4cc854290 code [0x000002b4cc8545e0, 0x000002b4cc855d78]
Event: 103.801 Thread 0x000002b4e190f9d0 8402       1       java.util.concurrent.ThreadPoolExecutor::getQueue (5 bytes)
Event: 103.801 Thread 0x000002b4e190f9d0 nmethod 8402 0x000002b4d32c4210 code [0x000002b4d32c43a0, 0x000002b4d32c4478]
Event: 104.069 Thread 0x000002b4e190f9d0 8403       3       java.util.concurrent.ScheduledThreadPoolExecutor$DelayedWorkQueue::setIndex (16 bytes)
Event: 104.069 Thread 0x000002b4e190f9d0 nmethod 8403 0x000002b4cc856510 code [0x000002b4cc8566c0, 0x000002b4cc8569d8]
Event: 106.769 Thread 0x000002b4e190f0e0 8404       4       org.gradle.internal.logging.text.AbstractLineChoppingStyledTextOutput$1::execute (9 bytes)

GC Heap History (20 events):
Event: 62.440 GC heap before
{Heap before GC invocations=12 (full 0):
 garbage-first heap   total 81920K, used 45888K [0x0000000080000000, 0x0000000100000000)
  region size 1024K, 13 young (13312K), 2 survivors (2048K)
 Metaspace       used 42931K, committed 44416K, reserved 487424K
  class space    used 6027K, committed 6784K, reserved 421888K
}
Event: 62.444 GC heap after
{Heap after GC invocations=13 (full 0):
 garbage-first heap   total 81920K, used 36909K [0x0000000080000000, 0x0000000100000000)
  region size 1024K, 3 young (3072K), 3 survivors (3072K)
 Metaspace       used 42931K, committed 44416K, reserved 487424K
  class space    used 6027K, committed 6784K, reserved 421888K
}
Event: 63.689 GC heap before
{Heap before GC invocations=13 (full 0):
 garbage-first heap   total 81920K, used 66605K [0x0000000080000000, 0x0000000100000000)
  region size 1024K, 29 young (29696K), 3 survivors (3072K)
 Metaspace       used 46937K, committed 48512K, reserved 487424K
  class space    used 6607K, committed 7424K, reserved 421888K
}
Event: 63.694 GC heap after
{Heap after GC invocations=14 (full 0):
 garbage-first heap   total 81920K, used 42621K [0x0000000080000000, 0x0000000100000000)
  region size 1024K, 4 young (4096K), 4 survivors (4096K)
 Metaspace       used 46937K, committed 48512K, reserved 487424K
  class space    used 6607K, committed 7424K, reserved 421888K
}
Event: 66.563 GC heap before
{Heap before GC invocations=14 (full 0):
 garbage-first heap   total 81920K, used 65149K [0x0000000080000000, 0x0000000100000000)
  region size 1024K, 26 young (26624K), 4 survivors (4096K)
 Metaspace       used 49666K, committed 51392K, reserved 487424K
  class space    used 7021K, committed 7936K, reserved 421888K
}
Event: 66.566 GC heap after
{Heap after GC invocations=15 (full 0):
 garbage-first heap   total 81920K, used 44152K [0x0000000080000000, 0x0000000100000000)
  region size 1024K, 2 young (2048K), 2 survivors (2048K)
 Metaspace       used 49666K, committed 51392K, reserved 487424K
  class space    used 7021K, committed 7936K, reserved 421888K
}
Event: 71.989 GC heap before
{Heap before GC invocations=16 (full 0):
 garbage-first heap   total 81920K, used 65656K [0x0000000080000000, 0x0000000100000000)
  region size 1024K, 23 young (23552K), 2 survivors (2048K)
 Metaspace       used 52373K, committed 54080K, reserved 487424K
  class space    used 7409K, committed 8320K, reserved 421888K
}
Event: 71.992 GC heap after
{Heap after GC invocations=17 (full 0):
 garbage-first heap   total 81920K, used 45045K [0x0000000080000000, 0x0000000100000000)
  region size 1024K, 3 young (3072K), 3 survivors (3072K)
 Metaspace       used 52373K, committed 54080K, reserved 487424K
  class space    used 7409K, committed 8320K, reserved 421888K
}
Event: 72.553 GC heap before
{Heap before GC invocations=17 (full 0):
 garbage-first heap   total 81920K, used 66549K [0x0000000080000000, 0x0000000100000000)
  region size 1024K, 24 young (24576K), 3 survivors (3072K)
 Metaspace       used 54584K, committed 56320K, reserved 487424K
  class space    used 7647K, committed 8576K, reserved 421888K
}
Event: 72.556 GC heap after
{Heap after GC invocations=18 (full 0):
 garbage-first heap   total 81920K, used 46056K [0x0000000080000000, 0x0000000100000000)
  region size 1024K, 3 young (3072K), 3 survivors (3072K)
 Metaspace       used 54584K, committed 56320K, reserved 487424K
  class space    used 7647K, committed 8576K, reserved 421888K
}
Event: 72.875 GC heap before
{Heap before GC invocations=19 (full 0):
 garbage-first heap   total 83968K, used 65512K [0x0000000080000000, 0x0000000100000000)
  region size 1024K, 22 young (22528K), 3 survivors (3072K)
 Metaspace       used 56251K, committed 57984K, reserved 487424K
  class space    used 7898K, committed 8832K, reserved 421888K
}
Event: 72.880 GC heap after
{Heap after GC invocations=20 (full 0):
 garbage-first heap   total 83968K, used 47496K [0x0000000080000000, 0x0000000100000000)
  region size 1024K, 3 young (3072K), 3 survivors (3072K)
 Metaspace       used 56251K, committed 57984K, reserved 487424K
  class space    used 7898K, committed 8832K, reserved 421888K
}
Event: 73.396 GC heap before
{Heap before GC invocations=20 (full 0):
 garbage-first heap   total 83968K, used 67976K [0x0000000080000000, 0x0000000100000000)
  region size 1024K, 23 young (23552K), 3 survivors (3072K)
 Metaspace       used 57711K, committed 59392K, reserved 487424K
  class space    used 8130K, committed 9024K, reserved 421888K
}
Event: 73.400 GC heap after
{Heap after GC invocations=21 (full 0):
 garbage-first heap   total 83968K, used 49134K [0x0000000080000000, 0x0000000100000000)
  region size 1024K, 3 young (3072K), 3 survivors (3072K)
 Metaspace       used 57711K, committed 59392K, reserved 487424K
  class space    used 8130K, committed 9024K, reserved 421888K
}
Event: 73.892 GC heap before
{Heap before GC invocations=22 (full 0):
 garbage-first heap   total 86016K, used 68590K [0x0000000080000000, 0x0000000100000000)
  region size 1024K, 22 young (22528K), 3 survivors (3072K)
 Metaspace       used 59114K, committed 60864K, reserved 487424K
  class space    used 8328K, committed 9216K, reserved 421888K
}
Event: 73.898 GC heap after
{Heap after GC invocations=23 (full 0):
 garbage-first heap   total 86016K, used 50932K [0x0000000080000000, 0x0000000100000000)
  region size 1024K, 2 young (2048K), 2 survivors (2048K)
 Metaspace       used 59114K, committed 60864K, reserved 487424K
  class space    used 8328K, committed 9216K, reserved 421888K
}
Event: 74.361 GC heap before
{Heap before GC invocations=23 (full 0):
 garbage-first heap   total 86016K, used 69364K [0x0000000080000000, 0x0000000100000000)
  region size 1024K, 21 young (21504K), 2 survivors (2048K)
 Metaspace       used 61413K, committed 63168K, reserved 487424K
  class space    used 8601K, committed 9536K, reserved 421888K
}
Event: 74.367 GC heap after
{Heap after GC invocations=24 (full 0):
 garbage-first heap   total 86016K, used 53615K [0x0000000080000000, 0x0000000100000000)
  region size 1024K, 3 young (3072K), 3 survivors (3072K)
 Metaspace       used 61413K, committed 63168K, reserved 487424K
  class space    used 8601K, committed 9536K, reserved 421888K
}
Event: 83.592 GC heap before
{Heap before GC invocations=25 (full 0):
 garbage-first heap   total 94208K, used 68975K [0x0000000080000000, 0x0000000100000000)
  region size 1024K, 18 young (18432K), 3 survivors (3072K)
 Metaspace       used 63887K, committed 65664K, reserved 487424K
  class space    used 8943K, committed 9856K, reserved 421888K
}
Event: 83.596 GC heap after
{Heap after GC invocations=26 (full 0):
 garbage-first heap   total 94208K, used 54963K [0x0000000080000000, 0x0000000100000000)
  region size 1024K, 2 young (2048K), 2 survivors (2048K)
 Metaspace       used 63887K, committed 65664K, reserved 487424K
  class space    used 8943K, committed 9856K, reserved 421888K
}

Deoptimization events (20 events):
Event: 83.266 Thread 0x000002b4e7598540 DEOPT PACKING pc=0x000002b4d3108acc sp=0x000000d7962f8f20
Event: 83.266 Thread 0x000002b4e7598540 DEOPT UNPACKING pc=0x000002b4cb4823a3 sp=0x000000d7962f8ee8 mode 2
Event: 83.348 Thread 0x000002b4e7598540 Uncommon trap: trap_request=0xffffffc6 fr.pc=0x000002b4d2f80e5c relative=0x00000000000007dc
Event: 83.348 Thread 0x000002b4e7598540 Uncommon trap: reason=bimorphic_or_optimized_type_check action=maybe_recompile pc=0x000002b4d2f80e5c method=java.security.MessageDigest$Delegate.engineUpdate([BII)V @ 7 c2
Event: 83.348 Thread 0x000002b4e7598540 DEOPT PACKING pc=0x000002b4d2f80e5c sp=0x000000d7962f9fb0
Event: 83.348 Thread 0x000002b4e7598540 DEOPT UNPACKING pc=0x000002b4cb4823a3 sp=0x000000d7962f9f10 mode 2
Event: 83.598 Thread 0x000002b4e7598540 Uncommon trap: trap_request=0xffffffc6 fr.pc=0x000002b4d2f80e5c relative=0x00000000000007dc
Event: 83.598 Thread 0x000002b4e7598540 Uncommon trap: reason=bimorphic_or_optimized_type_check action=maybe_recompile pc=0x000002b4d2f80e5c method=java.security.MessageDigest$Delegate.engineUpdate([BII)V @ 7 c2
Event: 83.598 Thread 0x000002b4e7598540 DEOPT PACKING pc=0x000002b4d2f80e5c sp=0x000000d7962fa3c0
Event: 83.598 Thread 0x000002b4e7598540 DEOPT UNPACKING pc=0x000002b4cb4823a3 sp=0x000000d7962fa320 mode 2
Event: 83.609 Thread 0x000002b4e7598540 Uncommon trap: trap_request=0xffffffc6 fr.pc=0x000002b4d2f80e5c relative=0x00000000000007dc
Event: 83.609 Thread 0x000002b4e7598540 Uncommon trap: reason=bimorphic_or_optimized_type_check action=maybe_recompile pc=0x000002b4d2f80e5c method=java.security.MessageDigest$Delegate.engineUpdate([BII)V @ 7 c2
Event: 83.609 Thread 0x000002b4e7598540 DEOPT PACKING pc=0x000002b4d2f80e5c sp=0x000000d7962fa3c0
Event: 83.609 Thread 0x000002b4e7598540 DEOPT UNPACKING pc=0x000002b4cb4823a3 sp=0x000000d7962fa320 mode 2
Event: 83.632 Thread 0x000002b4e7598540 Uncommon trap: trap_request=0xffffffc6 fr.pc=0x000002b4d2f80e5c relative=0x00000000000007dc
Event: 83.632 Thread 0x000002b4e7598540 Uncommon trap: reason=bimorphic_or_optimized_type_check action=maybe_recompile pc=0x000002b4d2f80e5c method=java.security.MessageDigest$Delegate.engineUpdate([BII)V @ 7 c2
Event: 83.632 Thread 0x000002b4e7598540 DEOPT PACKING pc=0x000002b4d2f80e5c sp=0x000000d7962fa480
Event: 83.632 Thread 0x000002b4e7598540 DEOPT UNPACKING pc=0x000002b4cb4823a3 sp=0x000000d7962fa3e0 mode 2
Event: 84.306 Thread 0x000002b4e759ba30 DEOPT PACKING pc=0x000002b4cc128906 sp=0x000000d7929fec00
Event: 84.306 Thread 0x000002b4e759ba30 DEOPT UNPACKING pc=0x000002b4cb482b43 sp=0x000000d7929fe160 mode 0

Classes loaded (20 events):
Event: 83.636 Loading class sun/rmi/server/LoaderHandler$Loader
Event: 83.636 Loading class sun/rmi/server/LoaderHandler$Loader done
Event: 83.640 Loading class java/rmi/server/ServerNotActiveException
Event: 83.640 Loading class java/rmi/server/ServerNotActiveException done
Event: 83.643 Loading class sun/rmi/transport/DGCAckHandler
Event: 83.643 Loading class sun/rmi/transport/DGCAckHandler done
Event: 83.644 Loading class sun/rmi/transport/DGCAckHandler$1
Event: 83.644 Loading class sun/rmi/transport/DGCAckHandler$1 done
Event: 84.054 Loading class sun/rmi/transport/tcp/TCPTransport$ConnectionHandler
Event: 84.055 Loading class sun/rmi/transport/tcp/TCPTransport$ConnectionHandler done
Event: 84.058 Loading class sun/rmi/transport/Transport$1
Event: 84.058 Loading class sun/rmi/transport/Transport$1 done
Event: 84.058 Loading class sun/rmi/transport/DGCImpl$LeaseInfo
Event: 84.058 Loading class sun/rmi/transport/DGCImpl$LeaseInfo done
Event: 84.058 Loading class sun/rmi/transport/DGCImpl$1
Event: 84.058 Loading class sun/rmi/transport/DGCImpl$1 done
Event: 84.059 Loading class sun/rmi/transport/SequenceEntry
Event: 84.059 Loading class sun/rmi/transport/SequenceEntry done
Event: 106.765 Loading class sun/net/ConnectionResetException
Event: 106.766 Loading class sun/net/ConnectionResetException done

Classes unloaded (0 events):
No events

Classes redefined (0 events):
No events

Internal exceptions (20 events):
Event: 74.582 Thread 0x000002b4e7598540 Exception <a 'java/lang/NoSuchMethodError'{0x00000000852f6c88}: 'long java.lang.invoke.Invokers$Holder.invokeExact_MT(java.lang.Object, java.lang.Object)'> (0x00000000852f6c88) 
thrown [s\open\src\hotspot\share\interpreter\linkResolver.cpp, line 766]
Event: 83.265 Thread 0x000002b4e7598540 Exception <a 'java/lang/NoSuchMethodError'{0x0000000084ed8270}: static Lorg/jetbrains/kotlin/daemon/common/LoopbackNetworkInterface$AbstractClientLoopbackSocketFactory;.<clinit>()V> (0x0000000084ed8270) 
thrown [s\open\src\hotspot\share\prims\jni.cpp, line 1104]
Event: 83.266 Thread 0x000002b4e7598540 Exception <a 'java/lang/NoSuchMethodError'{0x0000000084ee9be8}: static Lorg/jetbrains/kotlin/daemon/common/LoopbackNetworkInterface$ClientLoopbackSocketFactory;.<clinit>()V> (0x0000000084ee9be8) 
thrown [s\open\src\hotspot\share\prims\jni.cpp, line 1104]
Event: 83.275 Thread 0x000002b4e7598540 Exception <a 'java/lang/NoSuchMethodError'{0x0000000084d2c280}: 'java.lang.Object java.lang.invoke.DirectMethodHandle$Holder.invokeSpecial(java.lang.Object, java.lang.Object, java.lang.Object, int, java.lang.Object, java.lang.Object)'> (0x0000000084d2c280) 
thrown [s\open\src\hotspot\share\interpreter\linkResolver.cpp, line 766]
Event: 83.275 Thread 0x000002b4e7598540 Exception <a 'java/lang/NoSuchMethodError'{0x0000000084d30720}: 'java.lang.Object java.lang.invoke.Invokers$Holder.linkToTargetMethod(java.lang.Object, int, java.lang.Object, java.lang.Object, java.lang.Object)'> (0x0000000084d30720) 
thrown [s\open\src\hotspot\share\interpreter\linkResolver.cpp, line 766]
Event: 83.289 Thread 0x000002b4e7598540 Exception <a 'java/lang/NoSuchMethodError'{0x0000000084d3d6a0}: static [Ljava/rmi/server/ObjID;.<clinit>()V> (0x0000000084d3d6a0) 
thrown [s\open\src\hotspot\share\prims\jni.cpp, line 1104]
Event: 83.291 Thread 0x000002b4e7598540 Exception <a 'java/lang/NoSuchMethodError'{0x0000000084d747c0}: static [B.<clinit>()V> (0x0000000084d747c0) 
thrown [s\open\src\hotspot\share\prims\jni.cpp, line 1104]
Event: 83.327 Thread 0x000002b4e78b31c0 Exception <a 'java/lang/InterruptedException'{0x0000000084d8ddc8}> (0x0000000084d8ddc8) 
thrown [s\open\src\hotspot\share\runtime\objectMonitor.cpp, line 1661]
Event: 83.327 Thread 0x000002b4e78b31c0 Exception <a 'java/lang/NoSuchMethodError'{0x0000000084d8f228}: 'java.lang.Object java.lang.invoke.DirectMethodHandle$Holder.invokeSpecial(java.lang.Object, java.lang.Object, int, java.lang.Object, long)'> (0x0000000084d8f228) 
thrown [s\open\src\hotspot\share\interpreter\linkResolver.cpp, line 766]
Event: 83.327 Thread 0x000002b4e78b31c0 Exception <a 'java/lang/NoSuchMethodError'{0x0000000084d96c58}: 'java.lang.Object java.lang.invoke.DirectMethodHandle$Holder.newInvokeSpecial(java.lang.Object, java.lang.Object, int, java.lang.Object, long)'> (0x0000000084d96c58) 
thrown [s\open\src\hotspot\share\interpreter\linkResolver.cpp, line 766]
Event: 83.589 Thread 0x000002b4e7598540 Exception <a 'java/lang/NoSuchMethodError'{0x0000000084dc0b60}: static Lorg/jetbrains/kotlin/daemon/common/CompileService$CallResult;.<clinit>()V> (0x0000000084dc0b60) 
thrown [s\open\src\hotspot\share\prims\jni.cpp, line 1104]
Event: 83.589 Thread 0x000002b4e7598540 Exception <a 'java/lang/NoSuchMethodError'{0x0000000084dd3050}: static Lorg/jetbrains/kotlin/daemon/common/CompileService$CallResult$Good;.<clinit>()V> (0x0000000084dd3050) 
thrown [s\open\src\hotspot\share\prims\jni.cpp, line 1104]
Event: 83.590 Thread 0x000002b4e7598540 Exception <a 'java/lang/NoSuchMethodError'{0x0000000084de4dd0}: static Lorg/jetbrains/kotlin/daemon/common/DaemonJVMOptions;.<clinit>()V> (0x0000000084de4dd0) 
thrown [s\open\src\hotspot\share\prims\jni.cpp, line 1104]
Event: 83.608 Thread 0x000002b4e7598540 Exception <a 'java/lang/NoSuchMethodError'{0x0000000087f22770}: static Lorg/jetbrains/kotlin/daemon/common/CompileService$CallResult$Ok;.<clinit>()V> (0x0000000087f22770) 
thrown [s\open\src\hotspot\share\prims\jni.cpp, line 1104]
Event: 83.634 Thread 0x000002b4e7598540 Exception <a 'java/lang/NoSuchMethodError'{0x0000000087ff2570}: static [Ljava/lang/String;.<clinit>()V> (0x0000000087ff2570) 
thrown [s\open\src\hotspot\share\prims\jni.cpp, line 1104]
Event: 83.637 Thread 0x000002b4e7598540 Exception <a 'java/lang/NoSuchMethodError'{0x0000000087e20918}: static [Ljava/lang/Integer;.<clinit>()V> (0x0000000087e20918) 
thrown [s\open\src\hotspot\share\prims\jni.cpp, line 1104]
Event: 83.638 Thread 0x000002b4e7598540 Exception <a 'java/lang/NoSuchMethodError'{0x0000000087e4f738}: static Lorg/jetbrains/kotlin/incremental/ClasspathChanges$NotAvailable;.<clinit>()V> (0x0000000087e4f738) 
thrown [s\open\src\hotspot\share\prims\jni.cpp, line 1104]
Event: 83.639 Thread 0x000002b4e7598540 Exception <a 'java/lang/NoSuchMethodError'{0x0000000087e56630}: static Lorg/jetbrains/kotlin/incremental/ClasspathChanges$NotAvailable;.<clinit>()V> (0x0000000087e56630) 
thrown [s\open\src\hotspot\share\prims\jni.cpp, line 1104]
Event: 83.639 Thread 0x000002b4e7598540 Exception <a 'java/lang/NoSuchMethodError'{0x0000000087e5dc78}: static Lorg/jetbrains/kotlin/incremental/ClasspathChanges;.<clinit>()V> (0x0000000087e5dc78) 
thrown [s\open\src\hotspot\share\prims\jni.cpp, line 1104]
Event: 106.766 Thread 0x000002b4e7598540 Exception <a 'sun/net/ConnectionResetException'{0x000000008680d840}: Connection reset> (0x000000008680d840) 
thrown [s\open\src\hotspot\share\prims\jni.cpp, line 535]

VM Operations (20 events):
Event: 76.449 Executing VM operation: Cleanup
Event: 76.449 Executing VM operation: Cleanup done
Event: 81.478 Executing VM operation: Cleanup
Event: 81.478 Executing VM operation: Cleanup done
Event: 83.505 Executing VM operation: Cleanup
Event: 83.505 Executing VM operation: Cleanup done
Event: 83.592 Executing VM operation: G1CollectForAllocation
Event: 83.596 Executing VM operation: G1CollectForAllocation done
Event: 84.596 Executing VM operation: Cleanup
Event: 84.596 Executing VM operation: Cleanup done
Event: 85.597 Executing VM operation: Cleanup
Event: 85.597 Executing VM operation: Cleanup done
Event: 104.608 Executing VM operation: Cleanup
Event: 104.608 Executing VM operation: Cleanup done
Event: 106.767 Executing VM operation: HandshakeAllThreads
Event: 106.768 Executing VM operation: HandshakeAllThreads done
Event: 106.771 Executing VM operation: HandshakeAllThreads
Event: 106.771 Executing VM operation: HandshakeAllThreads done
Event: 106.771 Executing VM operation: Cleanup
Event: 106.771 Executing VM operation: Cleanup done

Events (20 events):
Event: 74.075 Thread 0x000002b4e9a1a530 Thread added: 0x000002b4e9a1a530
Event: 74.075 Thread 0x000002b4e9a218b0 Thread added: 0x000002b4e9a218b0
Event: 74.076 Thread 0x000002b4e9a1fbd0 Thread added: 0x000002b4e9a1fbd0
Event: 74.076 Thread 0x000002b4e9a1f230 Thread added: 0x000002b4e9a1f230
Event: 74.076 Thread 0x000002b4e9a20a40 Thread added: 0x000002b4e9a20a40
Event: 74.076 Thread 0x000002b4e9a1a060 Thread added: 0x000002b4e9a1a060
Event: 74.076 Thread 0x000002b4e9a1b870 Thread added: 0x000002b4e9a1b870
Event: 74.076 Thread 0x000002b4e9a1bd40 Thread added: 0x000002b4e9a1bd40
Event: 74.327 Thread 0x000002b4e1912a70 flushing nmethod 0x000002b4d3135b90
Event: 74.330 Thread 0x000002b4e1912a70 flushing nmethod 0x000002b4cbd7cc10
Event: 74.332 Thread 0x000002b4e1912a70 flushing nmethod 0x000002b4cbf59690
Event: 74.448 Thread 0x000002b4e9a1d550 Thread added: 0x000002b4e9a1d550
Event: 74.740 Thread 0x000002b4ea8caf10 Thread exited: 0x000002b4ea8caf10
Event: 83.268 Thread 0x000002b4e78b7520 Thread added: 0x000002b4e78b7520
Event: 83.275 Thread 0x000002b4e78b31c0 Thread added: 0x000002b4e78b31c0
Event: 83.278 Loaded shared library C:\Program Files\Java\jdk-18.0.1.1\bin\rmi.dll
Event: 83.278 Thread 0x000002b4e78b5840 Thread added: 0x000002b4e78b5840
Event: 83.632 Thread 0x000002b4e78b1e80 Thread added: 0x000002b4e78b1e80
Event: 83.632 Thread 0x000002b4e78b79f0 Thread added: 0x000002b4e78b79f0
Event: 84.055 Thread 0x000002b4e78b7050 Thread added: 0x000002b4e78b7050


Dynamic libraries:
0x00007ff684790000 - 0x00007ff6847a0000 	C:\Program Files\Java\jdk-18.0.1.1\bin\java.exe
0x00007ffde00b0000 - 0x00007ffde02a8000 	C:\WINDOWS\SYSTEM32\ntdll.dll
0x00007ffddee80000 - 0x00007ffddef3f000 	C:\WINDOWS\System32\KERNEL32.DLL
0x00007ffdddb10000 - 0x00007ffdddde2000 	C:\WINDOWS\System32\KERNELBASE.dll
0x00007ffddd7b0000 - 0x00007ffddd8b0000 	C:\WINDOWS\System32\ucrtbase.dll
0x00007ffdce620000 - 0x00007ffdce63a000 	C:\Program Files\Java\jdk-18.0.1.1\bin\VCRUNTIME140.dll
0x00007ffdce640000 - 0x00007ffdce658000 	C:\Program Files\Java\jdk-18.0.1.1\bin\jli.dll
0x00007ffddedd0000 - 0x00007ffddee7e000 	C:\WINDOWS\System32\ADVAPI32.dll
0x00007ffdde100000 - 0x00007ffdde19e000 	C:\WINDOWS\System32\msvcrt.dll
0x00007ffddf8c0000 - 0x00007ffddf95c000 	C:\WINDOWS\System32\sechost.dll
0x00007ffddfc00000 - 0x00007ffddfd24000 	C:\WINDOWS\System32\RPCRT4.dll
0x00007ffddfe60000 - 0x00007ffde0001000 	C:\WINDOWS\System32\USER32.dll
0x00007ffddd970000 - 0x00007ffddd992000 	C:\WINDOWS\System32\win32u.dll
0x00007ffdde500000 - 0x00007ffdde52b000 	C:\WINDOWS\System32\GDI32.dll
0x00007ffddddf0000 - 0x00007ffdddeff000 	C:\WINDOWS\System32\gdi32full.dll
0x00007ffdddf00000 - 0x00007ffdddf9d000 	C:\WINDOWS\System32\msvcp_win.dll
0x00007ffdc7880000 - 0x00007ffdc7b1a000 	C:\WINDOWS\WinSxS\amd64_microsoft.windows.common-controls_6595b64144ccf1df_6.0.19041.1110_none_60b5254171f9507e\COMCTL32.dll
0x00007ffdd7840000 - 0x00007ffdd784a000 	C:\WINDOWS\SYSTEM32\VERSION.dll
0x00007ffdde530000 - 0x00007ffdde560000 	C:\WINDOWS\System32\IMM32.DLL
0x00007ffdd5860000 - 0x00007ffdd586c000 	C:\Program Files\Java\jdk-18.0.1.1\bin\vcruntime140_1.dll
0x00007ffdca550000 - 0x00007ffdca5dd000 	C:\Program Files\Java\jdk-18.0.1.1\bin\msvcp140.dll
0x00007ffdb5b00000 - 0x00007ffdb6710000 	C:\Program Files\Java\jdk-18.0.1.1\bin\server\jvm.dll
0x00007ffddfbf0000 - 0x00007ffddfbf8000 	C:\WINDOWS\System32\PSAPI.DLL
0x00007ffdd46e0000 - 0x00007ffdd4707000 	C:\WINDOWS\SYSTEM32\WINMM.dll
0x00007ffdce6a0000 - 0x00007ffdce6a9000 	C:\WINDOWS\SYSTEM32\WSOCK32.dll
0x00007ffddecd0000 - 0x00007ffdded3b000 	C:\WINDOWS\System32\WS2_32.dll
0x00007ffddb5b0000 - 0x00007ffddb5c2000 	C:\WINDOWS\SYSTEM32\kernel.appcore.dll
0x00007ffdd4de0000 - 0x00007ffdd4dea000 	C:\Program Files\Java\jdk-18.0.1.1\bin\jimage.dll
0x00007ffdd7b40000 - 0x00007ffdd7d24000 	C:\WINDOWS\SYSTEM32\DBGHELP.DLL
0x00007ffdcda00000 - 0x00007ffdcda35000 	C:\WINDOWS\SYSTEM32\dbgcore.DLL
0x00007ffddd9d0000 - 0x00007ffddda52000 	C:\WINDOWS\System32\bcryptPrimitives.dll
0x00007ffdce5f0000 - 0x00007ffdce615000 	C:\Program Files\Java\jdk-18.0.1.1\bin\java.dll
0x00007ffdbafa0000 - 0x00007ffdbb076000 	C:\Program Files\Java\jdk-18.0.1.1\bin\jsvml.dll
0x00007ffdde580000 - 0x00007ffddecc5000 	C:\WINDOWS\System32\SHELL32.dll
0x00007ffddb890000 - 0x00007ffddc022000 	C:\WINDOWS\SYSTEM32\windows.storage.dll
0x00007ffdde1a0000 - 0x00007ffdde4f5000 	C:\WINDOWS\System32\combase.dll
0x00007ffddd210000 - 0x00007ffddd240000 	C:\WINDOWS\SYSTEM32\Wldp.dll
0x00007ffddf0c0000 - 0x00007ffddf16d000 	C:\WINDOWS\System32\SHCORE.dll
0x00007ffddf170000 - 0x00007ffddf1c5000 	C:\WINDOWS\System32\shlwapi.dll
0x00007ffddd6f0000 - 0x00007ffddd70f000 	C:\WINDOWS\SYSTEM32\profapi.dll
0x00007ffdcba50000 - 0x00007ffdcba63000 	C:\Program Files\Java\jdk-18.0.1.1\bin\net.dll
0x00007ffdd74e0000 - 0x00007ffdd75ea000 	C:\WINDOWS\SYSTEM32\WINHTTP.dll
0x00007ffddcf70000 - 0x00007ffddcfda000 	C:\WINDOWS\system32\mswsock.dll
0x00007ffdcba10000 - 0x00007ffdcba26000 	C:\Program Files\Java\jdk-18.0.1.1\bin\nio.dll
0x00007ffdcad30000 - 0x00007ffdcad48000 	C:\Program Files\Java\jdk-18.0.1.1\bin\zip.dll
0x00007ffdce5e0000 - 0x00007ffdce5f0000 	C:\Program Files\Java\jdk-18.0.1.1\bin\verify.dll
0x00007ffdbf520000 - 0x00007ffdbf547000 	C:\Users\ADMIN\.gradle\native\e1d6ef7f7dcc3fd88c89a11ec53ec762bb8ba0a96d01ffa2cd45eb1d1d8dd5c5\windows-amd64\native-platform.dll
0x00007ffd87b20000 - 0x00007ffd87c64000 	C:\Users\ADMIN\.gradle\native\0d407fdbe67a94daf76414ababcb853783967236a71b16ec16e742cd7a986fd3\windows-amd64\native-platform-file-events.dll
0x00007ffdcb2e0000 - 0x00007ffdcb2e9000 	C:\Program Files\Java\jdk-18.0.1.1\bin\management.dll
0x00007ffdcb080000 - 0x00007ffdcb08b000 	C:\Program Files\Java\jdk-18.0.1.1\bin\management_ext.dll
0x00007ffddd170000 - 0x00007ffddd188000 	C:\WINDOWS\SYSTEM32\CRYPTSP.dll
0x00007ffddc820000 - 0x00007ffddc854000 	C:\WINDOWS\system32\rsaenh.dll
0x00007ffddd9a0000 - 0x00007ffddd9c7000 	C:\WINDOWS\System32\bcrypt.dll
0x00007ffddd6b0000 - 0x00007ffddd6de000 	C:\WINDOWS\SYSTEM32\USERENV.dll
0x00007ffddd160000 - 0x00007ffddd16c000 	C:\WINDOWS\SYSTEM32\CRYPTBASE.dll
0x00007ffddcc10000 - 0x00007ffddcc4b000 	C:\WINDOWS\SYSTEM32\IPHLPAPI.DLL
0x00007ffddfbe0000 - 0x00007ffddfbe8000 	C:\WINDOWS\System32\NSI.dll
0x00007ffdd7ab0000 - 0x00007ffdd7ac7000 	C:\WINDOWS\SYSTEM32\dhcpcsvc6.DLL
0x00007ffdd7a80000 - 0x00007ffdd7a9d000 	C:\WINDOWS\SYSTEM32\dhcpcsvc.DLL
0x00007ffddcc50000 - 0x00007ffddcd1b000 	C:\WINDOWS\SYSTEM32\DNSAPI.dll
0x00007ffdcb470000 - 0x00007ffdcb477000 	C:\Program Files\Java\jdk-18.0.1.1\bin\rmi.dll

dbghelp: loaded successfully - version: 4.0.5 - missing functions: none
symbol engine: initialized successfully - sym options: 0x614 - pdb path: .;C:\Program Files\Java\jdk-18.0.1.1\bin;C:\WINDOWS\SYSTEM32;C:\WINDOWS\WinSxS\amd64_microsoft.windows.common-controls_6595b64144ccf1df_6.0.19041.1110_none_60b5254171f9507e;C:\Program Files\Java\jdk-18.0.1.1\bin\server;C:\Users\ADMIN\.gradle\native\e1d6ef7f7dcc3fd88c89a11ec53ec762bb8ba0a96d01ffa2cd45eb1d1d8dd5c5\windows-amd64;C:\Users\ADMIN\.gradle\native\0d407fdbe67a94daf76414ababcb853783967236a71b16ec16e742cd7a986fd3\windows-amd64

VM Arguments:
jvm_args: -XX:MaxMetaspaceSize=512m --add-opens=java.base/java.util=ALL-UNNAMED --add-opens=java.base/java.lang=ALL-UNNAMED --add-opens=java.base/java.lang.invoke=ALL-UNNAMED --add-opens=java.base/java.util=ALL-UNNAMED --add-opens=java.prefs/java.util.prefs=ALL-UNNAMED --add-opens=java.prefs/java.util.prefs=ALL-UNNAMED --add-opens=java.base/java.nio.charset=ALL-UNNAMED --add-opens=java.base/java.net=ALL-UNNAMED --add-opens=java.base/java.util.concurrent.atomic=ALL-UNNAMED -Xmx2048m -Dfile.encoding=UTF-8 -Duser.country=US -Duser.language=en -Duser.variant 
java_command: org.gradle.launcher.daemon.bootstrap.GradleDaemon 7.5.1
java_class_path (initial): C:\Users\ADMIN\.gradle\wrapper\dists\gradle-7.5.1-all\1ehga6e77gqps5uk2kc5kf1vc\gradle-7.5.1\lib\gradle-launcher-7.5.1.jar
Launcher Type: SUN_STANDARD

[Global flags]
     intx CICompilerCount                          = 3                                         {product} {ergonomic}
   size_t CompressedClassSpaceSize                 = 432013312                                 {product} {ergonomic}
     uint ConcGCThreads                            = 2                                         {product} {ergonomic}
     uint G1ConcRefinementThreads                  = 6                                         {product} {ergonomic}
   size_t G1HeapRegionSize                         = 1048576                                   {product} {ergonomic}
    uintx GCDrainStackTargetSize                   = 64                                        {product} {ergonomic}
   size_t InitialHeapSize                          = 134217728                                 {product} {ergonomic}
   size_t MarkStackSize                            = 4194304                                   {product} {ergonomic}
   size_t MaxHeapSize                              = 2147483648                                {product} {command line}
   size_t MaxMetaspaceSize                         = 536870912                                 {product} {command line}
   size_t MaxNewSize                               = 1287651328                                {product} {ergonomic}
   size_t MinHeapDeltaBytes                        = 1048576                                   {product} {ergonomic}
   size_t MinHeapSize                              = 8388608                                   {product} {ergonomic}
    uintx NonNMethodCodeHeapSize                   = 5832780                                {pd product} {ergonomic}
    uintx NonProfiledCodeHeapSize                  = 122912730                              {pd product} {ergonomic}
    uintx ProfiledCodeHeapSize                     = 122912730                              {pd product} {ergonomic}
    uintx ReservedCodeCacheSize                    = 251658240                              {pd product} {ergonomic}
     bool SegmentedCodeCache                       = true                                      {product} {ergonomic}
   size_t SoftMaxHeapSize                          = 2147483648                             {manageable} {ergonomic}
     bool UseCompressedClassPointers               = true                           {product lp64_product} {ergonomic}
     bool UseCompressedOops                        = true                           {product lp64_product} {ergonomic}
     bool UseG1GC                                  = true                                      {product} {ergonomic}
     bool UseLargePagesIndividualAllocation        = false                                  {pd product} {ergonomic}

Logging:
Log output configuration:
 #0: stdout all=warning uptime,level,tags foldmultilines=false
 #1: stderr all=off uptime,level,tags foldmultilines=false

Environment Variables:
CLASSPATH=D:\RN\Appaxohu\android\\gradle\wrapper\gradle-wrapper.jar
PATH=D:\RN\Appaxohu\android\node_modules\.bin;D:\RN\Appaxohu\node_modules\.bin;D:\RN\node_modules\.bin;D:\node_modules\.bin;D:\node;D:\RN\Appaxohu\node_modules\.bin;D:\RN\Appaxohu\node_modules\.bin;D:\RN\node_modules\.bin;D:\node_modules\.bin;C:\Users\ADMIN\AppData\Roaming\npm\node_modules\npm\node_modules\@npmcli\run-script\lib\node-gyp-bin;C:\Python311\Scripts\;C:\Python311\;C:\Program Files\Common Files\Oracle\Java\javapath;C:\Python\Python310\Scripts\;C:\Python\Python310\;C:\WINDOWS\system32;C:\WINDOWS;C:\WINDOWS\System32\Wbem;C:\WINDOWS\System32\WindowsPowerShell\v1.0\;C:\WINDOWS\System32\OpenSSH\;C:\Program Files\Git\cmd;C:\Users\ADMIN\AppData\Local\Programs\Python\Python38\Scripts;D:\xc8\Microchip\xc8\v2.30\bin;C:\Program Files (x86)\IVI Foundation\VISA\WinNT\Bin\;C:\Program Files\IVI Foundation\VISA\Win64\Bin\;C:\Program Files (x86)\IVI Foundation\VISA\WinNT\Bin;C:\ProgramData\chocolatey\bin;C:\msys64\mingw64\bin;C:\msys64\usr\bin;C:\Program Files\dotnet\;C:\Program Files\MATLAB\R2016a\runtime\win64;C:\Program Files\MATLAB\R2016a\bin;C:\Program Files\MATLAB\R2016a\polyspace\bin;D:\sadf\runtime\win64;D:\sadf\bin;D:\node\;C:\Python\Python310\Scripts\;C:\Python\Python310\;C:\WINDOWS\system32;C:\WINDOWS;C:\WINDOWS\System32\Wbem;C:\WINDOWS\System32\WindowsPowerShell\v1.0\;C:\WINDOWS\System32\OpenSSH\;C:\Program Files\nodejs\;C:\Program Files\Git\cmd;C:\Users\ADMIN\AppData\Local\Microsoft\WindowsApps;C:\Program Files (x86)\Dev-Cpp\MinGW64\bin\g++.exe;C:\Users\ADMIN\AppData\Local\Microsoft\WindowsApps;C:\Program Files\JetBrains\PyCharm Community Edition 2020.3.2\bin;C:\Users\ADMIN\AppData\Local\Programs\Microsoft VS Code\bin;C:\Users\ADMIN\AppData\Local\Programs\Python\Python38\Scripts;C:\modeltech64_2020.4\win64;C:\modeltech64_10.5\win64;C:\Program Files\mingw-w64\x86_64-8.1.0-posix-seh-rt_v6-rev0\mingw64\bin;C:\msys64\mingw64\bin;C:\Users\ADMIN\.dotnet\tools;D:\ProgramData\Sdk\platform-tools;C:\Users\ADMIN\AppData\Roaming\npm;
USERNAME=ADMIN
LANG=en_US.UTF-8
OS=Windows_NT
PROCESSOR_IDENTIFIER=AMD64 Family 23 Model 113 Stepping 0, AuthenticAMD



---------------  S Y S T E M  ---------------

OS:
 Windows 10 , 64 bit Build 19041 (10.0.19041.2546)
OS uptime: 0 days 2:06 hours

CPU: total 6 (initial active 6) (6 cores per cpu, 1 threads per core) family 23 model 113 stepping 0 microcode 0x0, cx8, cmov, fxsr, mmx, 3dnowpref, sse, sse2, sse3, ssse3, sse4a, sse4.1, sse4.2, popcnt, lzcnt, tsc, tscinvbit, avx, avx2, aes, clmul, bmi1, bmi2, adx, sha, fma, vzeroupper, clflush, clflushopt

Memory: 4k page, system-wide physical 8123M (552M free)
TotalPageFile size 27451M (AvailPageFile size 0M)
current process WorkingSet (physical memory assigned to process): 240M, peak: 295M
current process commit charge ("private bytes"): 305M, peak: 334M

vm_info: Java HotSpot(TM) 64-Bit Server VM (18.0.1.1+2-6) for windows-amd64 JRE (18.0.1.1+2-6), built on Apr 25 2022 21:53:15 by "mach5one" with MS VC++ 16.8 / 16.9 (VS2019)

END.
